2025-09-30 19:06:51,650 INFO o.a.j.u.JMeterUtils: Setting Locale to en_EN
2025-09-30 19:06:51,659 INFO o.a.j.JMeter: Loading user properties from: /opt/homebrew/Cellar/jmeter/5.6.3/libexec/bin/user.properties
2025-09-30 19:06:51,660 INFO o.a.j.JMeter: Loading system properties from: /opt/homebrew/Cellar/jmeter/5.6.3/libexec/bin/system.properties
2025-09-30 19:06:51,662 INFO o.a.j.JMeter: Copyright (c) 1998-2024 The Apache Software Foundation
2025-09-30 19:06:51,662 INFO o.a.j.JMeter: Version 5.6.3
2025-09-30 19:06:51,662 INFO o.a.j.JMeter: java.version=21.0.8
2025-09-30 19:06:51,662 INFO o.a.j.JMeter: java.vm.name=OpenJDK 64-Bit Server VM
2025-09-30 19:06:51,662 INFO o.a.j.JMeter: os.name=Mac OS X
2025-09-30 19:06:51,662 INFO o.a.j.JMeter: os.arch=aarch64
2025-09-30 19:06:51,662 INFO o.a.j.JMeter: os.version=15.7.1
2025-09-30 19:06:51,662 INFO o.a.j.JMeter: file.encoding=UTF-8
2025-09-30 19:06:51,662 INFO o.a.j.JMeter: java.awt.headless=null
2025-09-30 19:06:51,662 INFO o.a.j.JMeter: Max memory     =1073741824
2025-09-30 19:06:51,662 INFO o.a.j.JMeter: Available Processors =10
2025-09-30 19:06:51,667 INFO o.a.j.JMeter: Default Locale=English (EN)
2025-09-30 19:06:51,667 INFO o.a.j.JMeter: JMeter  Locale=English (EN)
2025-09-30 19:06:51,667 INFO o.a.j.JMeter: JMeterHome=/opt/homebrew/Cellar/jmeter/5.6.3/libexec
2025-09-30 19:06:51,667 INFO o.a.j.JMeter: user.dir  =/Users/sl345248/Proyecto Actas/ProyectoWeb
2025-09-30 19:06:51,667 INFO o.a.j.JMeter: PWD       =/Users/sl345248/Proyecto Actas/ProyectoWeb
2025-09-30 19:06:51,669 INFO o.a.j.JMeter: IP: 127.0.0.1 Name: MacBook-Air-de-Sergio-3.local FullName: localhost
2025-09-30 19:06:51,674 INFO o.a.j.JMeter: Loaded icon properties from org/apache/jmeter/images/icon.properties
2025-09-30 19:06:51,862 INFO o.a.j.JMeterGuiLauncher: Setting LAF to: com.github.weisj.darklaf.DarkLaf:com.github.weisj.darklaf.theme.DarculaTheme
2025-09-30 19:06:52,586 INFO o.a.j.r.ClassFinder: Will scan jar /opt/homebrew/Cellar/jmeter/5.6.3/libexec/lib/ext/jmeter-plugins-manager-1.9.jar with filter ExtendsClassFilter [parents=[interface org.apache.jmeter.gui.action.Command], inner=false, contains=null, notContains=null]. Consider exposing JMeter plugins via META-INF/services, and add JMeter-Skip-Class-Scanning=true manifest attribute so JMeter can skip classfile scanning
2025-09-30 19:06:52,636 INFO o.a.j.r.ClassFinder: Will scan jar /opt/homebrew/Cellar/jmeter/5.6.3/libexec/lib/ext/jmeter-plugins-manager-1.9.jar with filter ExtendsClassFilter [parents=[interface org.apache.jmeter.gui.plugin.MenuCreator], inner=false, contains=null, notContains=null]. Consider exposing JMeter plugins via META-INF/services, and add JMeter-Skip-Class-Scanning=true manifest attribute so JMeter can skip classfile scanning
2025-09-30 19:06:52,681 INFO o.j.r.JARSourceHTTP: Requesting https://jmeter-plugins.org/repo/?installID=mac_os_x-b2d39d3487269edf21e6ce3782c10e5e-gui
2025-09-30 19:06:53,804 INFO o.j.r.PluginManager: Plugins Status: [jpgc-plugins-manager=1.9, jmeter-core=5.6.3, jmeter-ftp=5.6.3, jmeter-http=5.6.3, jmeter-jdbc=5.6.3, jmeter-jms=5.6.3, jmeter-junit=5.6.3, jmeter-java=5.6.3, jmeter-ldap=5.6.3, jmeter-mail=5.6.3, jmeter-mongodb=5.6.3, jmeter-native=5.6.3, jmeter-tcp=5.6.3, jmeter-components=5.6.3]
2025-09-30 19:06:53,805 INFO o.j.r.PluginManagerMenuItem: Plugins Manager has upgrades: [jpgc-plugins-manager]
2025-09-30 19:07:04,884 INFO o.a.j.s.FileServer: Default base='/Users/sl345248/Proyecto Actas/ProyectoWeb'
2025-09-30 19:07:04,886 INFO o.a.j.g.a.Load: Loading file: /Users/sl345248/Proyecto Actas/ProyectoWeb/jmeter/load_test.jmx
2025-09-30 19:07:04,886 INFO o.a.j.s.FileServer: Set new base='/Users/sl345248/Proyecto Actas/ProyectoWeb/jmeter'
2025-09-30 19:07:04,953 INFO o.a.j.s.SaveService: Testplan (JMX) version: 2.2. Testlog (JTL) version: 2.2
2025-09-30 19:07:04,956 INFO o.a.j.s.SaveService: Using SaveService properties version 5.0
2025-09-30 19:07:04,957 INFO o.a.j.s.SaveService: Using SaveService properties file encoding UTF-8
2025-09-30 19:07:04,957 INFO o.a.j.s.SaveService: Loading file: /Users/sl345248/Proyecto Actas/ProyectoWeb/jmeter/load_test.jmx
2025-09-30 19:07:04,985 INFO o.a.j.p.h.s.HTTPSamplerBase: Parser for text/html is org.apache.jmeter.protocol.http.parser.LagartoBasedHtmlParser
2025-09-30 19:07:04,985 INFO o.a.j.p.h.s.HTTPSamplerBase: Parser for application/xhtml+xml is org.apache.jmeter.protocol.http.parser.LagartoBasedHtmlParser
2025-09-30 19:07:04,985 INFO o.a.j.p.h.s.HTTPSamplerBase: Parser for application/xml is org.apache.jmeter.protocol.http.parser.LagartoBasedHtmlParser
2025-09-30 19:07:04,985 INFO o.a.j.p.h.s.HTTPSamplerBase: Parser for text/xml is org.apache.jmeter.protocol.http.parser.LagartoBasedHtmlParser
2025-09-30 19:07:04,985 INFO o.a.j.p.h.s.HTTPSamplerBase: Parser for text/vnd.wap.wml is org.apache.jmeter.protocol.http.parser.RegexpHTMLParser
2025-09-30 19:07:04,985 INFO o.a.j.p.h.s.HTTPSamplerBase: Parser for text/css is org.apache.jmeter.protocol.http.parser.CssParser
2025-09-30 19:07:05,173 INFO o.a.j.s.FileServer: Set new base='/Users/sl345248/Proyecto Actas/ProyectoWeb/jmeter'
2025-09-30 19:07:12,443 INFO o.a.j.e.StandardJMeterEngine: Running the test!
2025-09-30 19:07:12,443 INFO o.a.j.s.SampleEvent: List of sample_variables: []
2025-09-30 19:07:12,443 INFO o.a.j.s.SampleEvent: List of sample_variables: []
2025-09-30 19:07:12,444 INFO o.a.j.e.u.CompoundVariable: Note: Function class names must contain the string: '.functions.'
2025-09-30 19:07:12,444 INFO o.a.j.e.u.CompoundVariable: Note: Function class names must not contain the string: '.gui.'
2025-09-30 19:07:12,454 INFO o.a.j.r.ClassFinder: Will scan jar /opt/homebrew/Cellar/jmeter/5.6.3/libexec/lib/ext/jmeter-plugins-manager-1.9.jar with filter ExtendsClassFilter [parents=[interface org.apache.jmeter.functions.Function], inner=false, contains=null, notContains=null]. Consider exposing JMeter plugins via META-INF/services, and add JMeter-Skip-Class-Scanning=true manifest attribute so JMeter can skip classfile scanning
2025-09-30 19:07:12,466 INFO o.a.j.g.u.JMeterMenuBar: setRunning(true, *local*)
2025-09-30 19:07:12,484 INFO o.a.j.e.StandardJMeterEngine: Starting ThreadGroup: 1 : Smoke 50 users x2 loops
2025-09-30 19:07:12,484 INFO o.a.j.e.StandardJMeterEngine: Starting 50 threads for group Smoke 50 users x2 loops.
2025-09-30 19:07:12,484 INFO o.a.j.e.StandardJMeterEngine: Thread will continue on error
2025-09-30 19:07:12,484 INFO o.a.j.t.ThreadGroup: Starting thread group... number=1 threads=50 ramp-up=10 delayedStart=false
2025-09-30 19:07:12,487 INFO o.a.j.t.JMeterThread: Thread started: Smoke 50 users x2 loops 1-1
2025-09-30 19:07:12,536 INFO o.a.j.t.ThreadGroup: Started thread group number 1
2025-09-30 19:07:12,536 INFO o.a.j.e.StandardJMeterEngine: All thread groups have been started
2025-09-30 19:07:12,690 INFO o.a.j.t.JMeterThread: Thread started: Smoke 50 users x2 loops 1-2
2025-09-30 19:07:12,705 INFO o.a.j.p.h.s.HTTPHCAbstractImpl: Local host = MacBook-Air-de-Sergio-3.local
2025-09-30 19:07:12,708 INFO o.a.j.p.h.s.HTTPHC4Impl: HTTP request retry count = 0
2025-09-30 19:07:12,708 INFO o.a.j.s.SampleResult: Note: Sample TimeStamps are START times
2025-09-30 19:07:12,708 INFO o.a.j.s.SampleResult: sampleresult.default.encoding is set to UTF-8
2025-09-30 19:07:12,709 INFO o.a.j.s.SampleResult: sampleresult.useNanoTime=true
2025-09-30 19:07:12,709 INFO o.a.j.s.SampleResult: sampleresult.nanoThreadSleep=5000
2025-09-30 19:07:12,737 INFO o.a.j.t.JMeterThread: Thread is done: Smoke 50 users x2 loops 1-2
2025-09-30 19:07:12,737 INFO o.a.j.t.JMeterThread: Thread is done: Smoke 50 users x2 loops 1-1
2025-09-30 19:07:12,737 INFO o.a.j.t.JMeterThread: Thread finished: Smoke 50 users x2 loops 1-2
2025-09-30 19:07:12,737 INFO o.a.j.t.JMeterThread: Thread finished: Smoke 50 users x2 loops 1-1
2025-09-30 19:07:12,887 INFO o.a.j.t.JMeterThread: Thread started: Smoke 50 users x2 loops 1-3
2025-09-30 19:07:12,895 INFO o.a.j.t.JMeterThread: Thread is done: Smoke 50 users x2 loops 1-3
2025-09-30 19:07:12,895 INFO o.a.j.t.JMeterThread: Thread finished: Smoke 50 users x2 loops 1-3
2025-09-30 19:07:13,091 INFO o.a.j.t.JMeterThread: Thread started: Smoke 50 users x2 loops 1-4
2025-09-30 19:07:13,103 INFO o.a.j.t.JMeterThread: Thread is done: Smoke 50 users x2 loops 1-4
2025-09-30 19:07:13,103 INFO o.a.j.t.JMeterThread: Thread finished: Smoke 50 users x2 loops 1-4
2025-09-30 19:07:13,290 INFO o.a.j.t.JMeterThread: Thread started: Smoke 50 users x2 loops 1-5
2025-09-30 19:07:13,309 INFO o.a.j.t.JMeterThread: Thread is done: Smoke 50 users x2 loops 1-5
2025-09-30 19:07:13,309 INFO o.a.j.t.JMeterThread: Thread finished: Smoke 50 users x2 loops 1-5
2025-09-30 19:07:13,489 INFO o.a.j.t.JMeterThread: Thread started: Smoke 50 users x2 loops 1-6
2025-09-30 19:07:13,499 INFO o.a.j.t.JMeterThread: Thread is done: Smoke 50 users x2 loops 1-6
2025-09-30 19:07:13,499 INFO o.a.j.t.JMeterThread: Thread finished: Smoke 50 users x2 loops 1-6
2025-09-30 19:07:13,692 INFO o.a.j.t.JMeterThread: Thread started: Smoke 50 users x2 loops 1-7
2025-09-30 19:07:13,717 INFO o.a.j.t.JMeterThread: Thread is done: Smoke 50 users x2 loops 1-7
2025-09-30 19:07:13,717 INFO o.a.j.t.JMeterThread: Thread finished: Smoke 50 users x2 loops 1-7
2025-09-30 19:07:13,891 INFO o.a.j.t.JMeterThread: Thread started: Smoke 50 users x2 loops 1-8
2025-09-30 19:07:13,901 INFO o.a.j.t.JMeterThread: Thread is done: Smoke 50 users x2 loops 1-8
2025-09-30 19:07:13,901 INFO o.a.j.t.JMeterThread: Thread finished: Smoke 50 users x2 loops 1-8
2025-09-30 19:07:14,092 INFO o.a.j.t.JMeterThread: Thread started: Smoke 50 users x2 loops 1-9
2025-09-30 19:07:14,111 INFO o.a.j.t.JMeterThread: Thread is done: Smoke 50 users x2 loops 1-9
2025-09-30 19:07:14,111 INFO o.a.j.t.JMeterThread: Thread finished: Smoke 50 users x2 loops 1-9
2025-09-30 19:07:14,293 INFO o.a.j.t.JMeterThread: Thread started: Smoke 50 users x2 loops 1-10
2025-09-30 19:07:14,301 INFO o.a.j.t.JMeterThread: Thread is done: Smoke 50 users x2 loops 1-10
2025-09-30 19:07:14,301 INFO o.a.j.t.JMeterThread: Thread finished: Smoke 50 users x2 loops 1-10
2025-09-30 19:07:14,491 INFO o.a.j.t.JMeterThread: Thread started: Smoke 50 users x2 loops 1-11
2025-09-30 19:07:14,509 INFO o.a.j.t.JMeterThread: Thread is done: Smoke 50 users x2 loops 1-11
2025-09-30 19:07:14,509 INFO o.a.j.t.JMeterThread: Thread finished: Smoke 50 users x2 loops 1-11
2025-09-30 19:07:14,690 INFO o.a.j.t.JMeterThread: Thread started: Smoke 50 users x2 loops 1-12
2025-09-30 19:07:14,701 INFO o.a.j.t.JMeterThread: Thread is done: Smoke 50 users x2 loops 1-12
2025-09-30 19:07:14,701 INFO o.a.j.t.JMeterThread: Thread finished: Smoke 50 users x2 loops 1-12
2025-09-30 19:07:14,890 INFO o.a.j.t.JMeterThread: Thread started: Smoke 50 users x2 loops 1-13
2025-09-30 19:07:14,896 INFO o.a.j.t.JMeterThread: Thread is done: Smoke 50 users x2 loops 1-13
2025-09-30 19:07:14,896 INFO o.a.j.t.JMeterThread: Thread finished: Smoke 50 users x2 loops 1-13
2025-09-30 19:07:15,088 INFO o.a.j.t.JMeterThread: Thread started: Smoke 50 users x2 loops 1-14
2025-09-30 19:07:15,107 INFO o.a.j.t.JMeterThread: Thread is done: Smoke 50 users x2 loops 1-14
2025-09-30 19:07:15,107 INFO o.a.j.t.JMeterThread: Thread finished: Smoke 50 users x2 loops 1-14
2025-09-30 19:07:15,292 INFO o.a.j.t.JMeterThread: Thread started: Smoke 50 users x2 loops 1-15
2025-09-30 19:07:15,316 INFO o.a.j.t.JMeterThread: Thread is done: Smoke 50 users x2 loops 1-15
2025-09-30 19:07:15,317 INFO o.a.j.t.JMeterThread: Thread finished: Smoke 50 users x2 loops 1-15
2025-09-30 19:07:15,490 INFO o.a.j.t.JMeterThread: Thread started: Smoke 50 users x2 loops 1-16
2025-09-30 19:07:15,507 INFO o.a.j.t.JMeterThread: Thread is done: Smoke 50 users x2 loops 1-16
2025-09-30 19:07:15,507 INFO o.a.j.t.JMeterThread: Thread finished: Smoke 50 users x2 loops 1-16
2025-09-30 19:07:15,691 INFO o.a.j.t.JMeterThread: Thread started: Smoke 50 users x2 loops 1-17
2025-09-30 19:07:15,714 INFO o.a.j.t.JMeterThread: Thread is done: Smoke 50 users x2 loops 1-17
2025-09-30 19:07:15,714 INFO o.a.j.t.JMeterThread: Thread finished: Smoke 50 users x2 loops 1-17
2025-09-30 19:07:15,888 INFO o.a.j.t.JMeterThread: Thread started: Smoke 50 users x2 loops 1-18
2025-09-30 19:07:15,895 INFO o.a.j.t.JMeterThread: Thread is done: Smoke 50 users x2 loops 1-18
2025-09-30 19:07:15,895 INFO o.a.j.t.JMeterThread: Thread finished: Smoke 50 users x2 loops 1-18
2025-09-30 19:07:16,091 INFO o.a.j.t.JMeterThread: Thread started: Smoke 50 users x2 loops 1-19
2025-09-30 19:07:16,113 INFO o.a.j.t.JMeterThread: Thread is done: Smoke 50 users x2 loops 1-19
2025-09-30 19:07:16,113 INFO o.a.j.t.JMeterThread: Thread finished: Smoke 50 users x2 loops 1-19
2025-09-30 19:07:16,291 INFO o.a.j.t.JMeterThread: Thread started: Smoke 50 users x2 loops 1-20
2025-09-30 19:07:16,314 INFO o.a.j.t.JMeterThread: Thread is done: Smoke 50 users x2 loops 1-20
2025-09-30 19:07:16,315 INFO o.a.j.t.JMeterThread: Thread finished: Smoke 50 users x2 loops 1-20
2025-09-30 19:07:16,490 INFO o.a.j.t.JMeterThread: Thread started: Smoke 50 users x2 loops 1-21
2025-09-30 19:07:16,497 INFO o.a.j.t.JMeterThread: Thread is done: Smoke 50 users x2 loops 1-21
2025-09-30 19:07:16,497 INFO o.a.j.t.JMeterThread: Thread finished: Smoke 50 users x2 loops 1-21
2025-09-30 19:07:16,690 INFO o.a.j.t.JMeterThread: Thread started: Smoke 50 users x2 loops 1-22
2025-09-30 19:07:16,707 INFO o.a.j.t.JMeterThread: Thread is done: Smoke 50 users x2 loops 1-22
2025-09-30 19:07:16,707 INFO o.a.j.t.JMeterThread: Thread finished: Smoke 50 users x2 loops 1-22
2025-09-30 19:07:16,890 INFO o.a.j.t.JMeterThread: Thread started: Smoke 50 users x2 loops 1-23
2025-09-30 19:07:16,905 INFO o.a.j.t.JMeterThread: Thread is done: Smoke 50 users x2 loops 1-23
2025-09-30 19:07:16,905 INFO o.a.j.t.JMeterThread: Thread finished: Smoke 50 users x2 loops 1-23
2025-09-30 19:07:17,089 INFO o.a.j.t.JMeterThread: Thread started: Smoke 50 users x2 loops 1-24
2025-09-30 19:07:17,097 INFO o.a.j.t.JMeterThread: Thread is done: Smoke 50 users x2 loops 1-24
2025-09-30 19:07:17,097 INFO o.a.j.t.JMeterThread: Thread finished: Smoke 50 users x2 loops 1-24
2025-09-30 19:07:17,290 INFO o.a.j.t.JMeterThread: Thread started: Smoke 50 users x2 loops 1-25
2025-09-30 19:07:17,311 INFO o.a.j.t.JMeterThread: Thread is done: Smoke 50 users x2 loops 1-25
2025-09-30 19:07:17,311 INFO o.a.j.t.JMeterThread: Thread finished: Smoke 50 users x2 loops 1-25
2025-09-30 19:07:17,488 INFO o.a.j.t.JMeterThread: Thread started: Smoke 50 users x2 loops 1-26
2025-09-30 19:07:17,494 INFO o.a.j.t.JMeterThread: Thread is done: Smoke 50 users x2 loops 1-26
2025-09-30 19:07:17,494 INFO o.a.j.t.JMeterThread: Thread finished: Smoke 50 users x2 loops 1-26
2025-09-30 19:07:17,690 INFO o.a.j.t.JMeterThread: Thread started: Smoke 50 users x2 loops 1-27
2025-09-30 19:07:17,698 INFO o.a.j.t.JMeterThread: Thread is done: Smoke 50 users x2 loops 1-27
2025-09-30 19:07:17,698 INFO o.a.j.t.JMeterThread: Thread finished: Smoke 50 users x2 loops 1-27
2025-09-30 19:07:17,889 INFO o.a.j.t.JMeterThread: Thread started: Smoke 50 users x2 loops 1-28
2025-09-30 19:07:17,911 INFO o.a.j.t.JMeterThread: Thread is done: Smoke 50 users x2 loops 1-28
2025-09-30 19:07:17,911 INFO o.a.j.t.JMeterThread: Thread finished: Smoke 50 users x2 loops 1-28
2025-09-30 19:07:18,091 INFO o.a.j.t.JMeterThread: Thread started: Smoke 50 users x2 loops 1-29
2025-09-30 19:07:18,112 INFO o.a.j.t.JMeterThread: Thread is done: Smoke 50 users x2 loops 1-29
2025-09-30 19:07:18,112 INFO o.a.j.t.JMeterThread: Thread finished: Smoke 50 users x2 loops 1-29
2025-09-30 19:07:18,290 INFO o.a.j.t.JMeterThread: Thread started: Smoke 50 users x2 loops 1-30
2025-09-30 19:07:18,299 INFO o.a.j.t.JMeterThread: Thread is done: Smoke 50 users x2 loops 1-30
2025-09-30 19:07:18,300 INFO o.a.j.t.JMeterThread: Thread finished: Smoke 50 users x2 loops 1-30
2025-09-30 19:07:18,489 INFO o.a.j.t.JMeterThread: Thread started: Smoke 50 users x2 loops 1-31
2025-09-30 19:07:18,511 INFO o.a.j.t.JMeterThread: Thread is done: Smoke 50 users x2 loops 1-31
2025-09-30 19:07:18,512 INFO o.a.j.t.JMeterThread: Thread finished: Smoke 50 users x2 loops 1-31
2025-09-30 19:07:18,690 INFO o.a.j.t.JMeterThread: Thread started: Smoke 50 users x2 loops 1-32
2025-09-30 19:07:18,714 INFO o.a.j.t.JMeterThread: Thread is done: Smoke 50 users x2 loops 1-32
2025-09-30 19:07:18,714 INFO o.a.j.t.JMeterThread: Thread finished: Smoke 50 users x2 loops 1-32
2025-09-30 19:07:18,890 INFO o.a.j.t.JMeterThread: Thread started: Smoke 50 users x2 loops 1-33
2025-09-30 19:07:18,897 INFO o.a.j.t.JMeterThread: Thread is done: Smoke 50 users x2 loops 1-33
2025-09-30 19:07:18,897 INFO o.a.j.t.JMeterThread: Thread finished: Smoke 50 users x2 loops 1-33
2025-09-30 19:07:19,090 INFO o.a.j.t.JMeterThread: Thread started: Smoke 50 users x2 loops 1-34
2025-09-30 19:07:19,111 INFO o.a.j.t.JMeterThread: Thread is done: Smoke 50 users x2 loops 1-34
2025-09-30 19:07:19,112 INFO o.a.j.t.JMeterThread: Thread finished: Smoke 50 users x2 loops 1-34
2025-09-30 19:07:19,290 INFO o.a.j.t.JMeterThread: Thread started: Smoke 50 users x2 loops 1-35
2025-09-30 19:07:19,306 INFO o.a.j.t.JMeterThread: Thread is done: Smoke 50 users x2 loops 1-35
2025-09-30 19:07:19,306 INFO o.a.j.t.JMeterThread: Thread finished: Smoke 50 users x2 loops 1-35
2025-09-30 19:07:19,490 INFO o.a.j.t.JMeterThread: Thread started: Smoke 50 users x2 loops 1-36
2025-09-30 19:07:19,512 INFO o.a.j.t.JMeterThread: Thread is done: Smoke 50 users x2 loops 1-36
2025-09-30 19:07:19,512 INFO o.a.j.t.JMeterThread: Thread finished: Smoke 50 users x2 loops 1-36
2025-09-30 19:07:19,691 INFO o.a.j.t.JMeterThread: Thread started: Smoke 50 users x2 loops 1-37
2025-09-30 19:07:19,713 INFO o.a.j.t.JMeterThread: Thread is done: Smoke 50 users x2 loops 1-37
2025-09-30 19:07:19,713 INFO o.a.j.t.JMeterThread: Thread finished: Smoke 50 users x2 loops 1-37
2025-09-30 19:07:19,887 INFO o.a.j.t.JMeterThread: Thread started: Smoke 50 users x2 loops 1-38
2025-09-30 19:07:19,909 INFO o.a.j.t.JMeterThread: Thread is done: Smoke 50 users x2 loops 1-38
2025-09-30 19:07:19,909 INFO o.a.j.t.JMeterThread: Thread finished: Smoke 50 users x2 loops 1-38
2025-09-30 19:07:20,090 INFO o.a.j.t.JMeterThread: Thread started: Smoke 50 users x2 loops 1-39
2025-09-30 19:07:20,102 INFO o.a.j.t.JMeterThread: Thread is done: Smoke 50 users x2 loops 1-39
2025-09-30 19:07:20,102 INFO o.a.j.t.JMeterThread: Thread finished: Smoke 50 users x2 loops 1-39
2025-09-30 19:07:20,290 INFO o.a.j.t.JMeterThread: Thread started: Smoke 50 users x2 loops 1-40
2025-09-30 19:07:20,297 INFO o.a.j.t.JMeterThread: Thread is done: Smoke 50 users x2 loops 1-40
2025-09-30 19:07:20,298 INFO o.a.j.t.JMeterThread: Thread finished: Smoke 50 users x2 loops 1-40
2025-09-30 19:07:20,491 INFO o.a.j.t.JMeterThread: Thread started: Smoke 50 users x2 loops 1-41
2025-09-30 19:07:20,513 INFO o.a.j.t.JMeterThread: Thread is done: Smoke 50 users x2 loops 1-41
2025-09-30 19:07:20,514 INFO o.a.j.t.JMeterThread: Thread finished: Smoke 50 users x2 loops 1-41
2025-09-30 19:07:20,690 INFO o.a.j.t.JMeterThread: Thread started: Smoke 50 users x2 loops 1-42
2025-09-30 19:07:20,697 INFO o.a.j.t.JMeterThread: Thread is done: Smoke 50 users x2 loops 1-42
2025-09-30 19:07:20,697 INFO o.a.j.t.JMeterThread: Thread finished: Smoke 50 users x2 loops 1-42
2025-09-30 19:07:20,891 INFO o.a.j.t.JMeterThread: Thread started: Smoke 50 users x2 loops 1-43
2025-09-30 19:07:20,899 INFO o.a.j.t.JMeterThread: Thread is done: Smoke 50 users x2 loops 1-43
2025-09-30 19:07:20,899 INFO o.a.j.t.JMeterThread: Thread finished: Smoke 50 users x2 loops 1-43
2025-09-30 19:07:21,091 INFO o.a.j.t.JMeterThread: Thread started: Smoke 50 users x2 loops 1-44
2025-09-30 19:07:21,116 INFO o.a.j.t.JMeterThread: Thread is done: Smoke 50 users x2 loops 1-44
2025-09-30 19:07:21,116 INFO o.a.j.t.JMeterThread: Thread finished: Smoke 50 users x2 loops 1-44
2025-09-30 19:07:21,287 INFO o.a.j.t.JMeterThread: Thread started: Smoke 50 users x2 loops 1-45
2025-09-30 19:07:21,296 INFO o.a.j.t.JMeterThread: Thread is done: Smoke 50 users x2 loops 1-45
2025-09-30 19:07:21,296 INFO o.a.j.t.JMeterThread: Thread finished: Smoke 50 users x2 loops 1-45
2025-09-30 19:07:21,489 INFO o.a.j.t.JMeterThread: Thread started: Smoke 50 users x2 loops 1-46
2025-09-30 19:07:21,495 INFO o.a.j.t.JMeterThread: Thread is done: Smoke 50 users x2 loops 1-46
2025-09-30 19:07:21,495 INFO o.a.j.t.JMeterThread: Thread finished: Smoke 50 users x2 loops 1-46
2025-09-30 19:07:21,690 INFO o.a.j.t.JMeterThread: Thread started: Smoke 50 users x2 loops 1-47
2025-09-30 19:07:21,698 INFO o.a.j.t.JMeterThread: Thread is done: Smoke 50 users x2 loops 1-47
2025-09-30 19:07:21,698 INFO o.a.j.t.JMeterThread: Thread finished: Smoke 50 users x2 loops 1-47
2025-09-30 19:07:21,889 INFO o.a.j.t.JMeterThread: Thread started: Smoke 50 users x2 loops 1-48
2025-09-30 19:07:21,895 INFO o.a.j.t.JMeterThread: Thread is done: Smoke 50 users x2 loops 1-48
2025-09-30 19:07:21,895 INFO o.a.j.t.JMeterThread: Thread finished: Smoke 50 users x2 loops 1-48
2025-09-30 19:07:22,089 INFO o.a.j.t.JMeterThread: Thread started: Smoke 50 users x2 loops 1-49
2025-09-30 19:07:22,094 INFO o.a.j.t.JMeterThread: Thread is done: Smoke 50 users x2 loops 1-49
2025-09-30 19:07:22,094 INFO o.a.j.t.JMeterThread: Thread finished: Smoke 50 users x2 loops 1-49
2025-09-30 19:07:22,290 INFO o.a.j.t.JMeterThread: Thread started: Smoke 50 users x2 loops 1-50
2025-09-30 19:07:22,295 INFO o.a.j.t.JMeterThread: Thread is done: Smoke 50 users x2 loops 1-50
2025-09-30 19:07:22,295 INFO o.a.j.t.JMeterThread: Thread finished: Smoke 50 users x2 loops 1-50
2025-09-30 19:07:22,295 INFO o.a.j.e.StandardJMeterEngine: Notifying test listeners of end of test
2025-09-30 19:07:22,297 INFO o.a.j.g.u.JMeterMenuBar: setRunning(false, *local*)
2025-09-30 19:07:27,673 INFO o.a.j.e.StandardJMeterEngine: Running the test!
2025-09-30 19:07:27,674 INFO o.a.j.s.SampleEvent: List of sample_variables: []
2025-09-30 19:07:27,676 INFO o.a.j.g.u.JMeterMenuBar: setRunning(true, *local*)
2025-09-30 19:07:27,702 INFO o.a.j.e.StandardJMeterEngine: Starting ThreadGroup: 1 : Smoke 50 users x2 loops
2025-09-30 19:07:27,702 INFO o.a.j.e.StandardJMeterEngine: Starting 50 threads for group Smoke 50 users x2 loops.
2025-09-30 19:07:27,702 INFO o.a.j.e.StandardJMeterEngine: Thread will continue on error
2025-09-30 19:07:27,702 INFO o.a.j.t.ThreadGroup: Starting thread group... number=1 threads=50 ramp-up=10 delayedStart=false
2025-09-30 19:07:27,704 INFO o.a.j.t.JMeterThread: Thread started: Smoke 50 users x2 loops 1-1
2025-09-30 19:07:27,739 INFO o.a.j.t.ThreadGroup: Started thread group number 1
2025-09-30 19:07:27,739 INFO o.a.j.e.StandardJMeterEngine: All thread groups have been started
2025-09-30 19:07:27,852 INFO o.a.j.t.JMeterThread: Thread is done: Smoke 50 users x2 loops 1-1
2025-09-30 19:07:27,852 INFO o.a.j.t.JMeterThread: Thread finished: Smoke 50 users x2 loops 1-1
2025-09-30 19:07:27,907 INFO o.a.j.t.JMeterThread: Thread started: Smoke 50 users x2 loops 1-2
2025-09-30 19:07:27,925 INFO o.a.j.t.JMeterThread: Thread is done: Smoke 50 users x2 loops 1-2
2025-09-30 19:07:27,925 INFO o.a.j.t.JMeterThread: Thread finished: Smoke 50 users x2 loops 1-2
2025-09-30 19:07:28,109 INFO o.a.j.t.JMeterThread: Thread started: Smoke 50 users x2 loops 1-3
2025-09-30 19:07:28,127 INFO o.a.j.t.JMeterThread: Thread is done: Smoke 50 users x2 loops 1-3
2025-09-30 19:07:28,127 INFO o.a.j.t.JMeterThread: Thread finished: Smoke 50 users x2 loops 1-3
2025-09-30 19:07:28,305 INFO o.a.j.t.JMeterThread: Thread started: Smoke 50 users x2 loops 1-4
2025-09-30 19:07:28,336 INFO o.a.j.t.JMeterThread: Thread is done: Smoke 50 users x2 loops 1-4
2025-09-30 19:07:28,336 INFO o.a.j.t.JMeterThread: Thread finished: Smoke 50 users x2 loops 1-4
2025-09-30 19:07:28,508 INFO o.a.j.t.JMeterThread: Thread started: Smoke 50 users x2 loops 1-5
2025-09-30 19:07:28,543 INFO o.a.j.t.JMeterThread: Thread is done: Smoke 50 users x2 loops 1-5
2025-09-30 19:07:28,543 INFO o.a.j.t.JMeterThread: Thread finished: Smoke 50 users x2 loops 1-5
2025-09-30 19:07:28,709 INFO o.a.j.t.JMeterThread: Thread started: Smoke 50 users x2 loops 1-6
2025-09-30 19:07:28,754 INFO o.a.j.t.JMeterThread: Thread is done: Smoke 50 users x2 loops 1-6
2025-09-30 19:07:28,754 INFO o.a.j.t.JMeterThread: Thread finished: Smoke 50 users x2 loops 1-6
2025-09-30 19:07:28,909 INFO o.a.j.t.JMeterThread: Thread started: Smoke 50 users x2 loops 1-7
2025-09-30 19:07:28,945 INFO o.a.j.t.JMeterThread: Thread is done: Smoke 50 users x2 loops 1-7
2025-09-30 19:07:28,945 INFO o.a.j.t.JMeterThread: Thread finished: Smoke 50 users x2 loops 1-7
2025-09-30 19:07:29,107 INFO o.a.j.t.JMeterThread: Thread started: Smoke 50 users x2 loops 1-8
2025-09-30 19:07:29,130 INFO o.a.j.t.JMeterThread: Thread is done: Smoke 50 users x2 loops 1-8
2025-09-30 19:07:29,130 INFO o.a.j.t.JMeterThread: Thread finished: Smoke 50 users x2 loops 1-8
2025-09-30 19:07:29,308 INFO o.a.j.t.JMeterThread: Thread started: Smoke 50 users x2 loops 1-9
2025-09-30 19:07:29,331 INFO o.a.j.t.JMeterThread: Thread is done: Smoke 50 users x2 loops 1-9
2025-09-30 19:07:29,331 INFO o.a.j.t.JMeterThread: Thread finished: Smoke 50 users x2 loops 1-9
2025-09-30 19:07:29,505 INFO o.a.j.t.JMeterThread: Thread started: Smoke 50 users x2 loops 1-10
2025-09-30 19:07:29,528 INFO o.a.j.t.JMeterThread: Thread is done: Smoke 50 users x2 loops 1-10
2025-09-30 19:07:29,528 INFO o.a.j.t.JMeterThread: Thread finished: Smoke 50 users x2 loops 1-10
2025-09-30 19:07:29,706 INFO o.a.j.t.JMeterThread: Thread started: Smoke 50 users x2 loops 1-11
2025-09-30 19:07:29,748 INFO o.a.j.t.JMeterThread: Thread is done: Smoke 50 users x2 loops 1-11
2025-09-30 19:07:29,748 INFO o.a.j.t.JMeterThread: Thread finished: Smoke 50 users x2 loops 1-11
2025-09-30 19:07:29,908 INFO o.a.j.t.JMeterThread: Thread started: Smoke 50 users x2 loops 1-12
2025-09-30 19:07:29,949 INFO o.a.j.t.JMeterThread: Thread is done: Smoke 50 users x2 loops 1-12
2025-09-30 19:07:29,949 INFO o.a.j.t.JMeterThread: Thread finished: Smoke 50 users x2 loops 1-12
2025-09-30 19:07:30,108 INFO o.a.j.t.JMeterThread: Thread started: Smoke 50 users x2 loops 1-13
2025-09-30 19:07:30,157 INFO o.a.j.t.JMeterThread: Thread is done: Smoke 50 users x2 loops 1-13
2025-09-30 19:07:30,157 INFO o.a.j.t.JMeterThread: Thread finished: Smoke 50 users x2 loops 1-13
2025-09-30 19:07:30,306 INFO o.a.j.t.JMeterThread: Thread started: Smoke 50 users x2 loops 1-14
2025-09-30 19:07:30,341 INFO o.a.j.t.JMeterThread: Thread is done: Smoke 50 users x2 loops 1-14
2025-09-30 19:07:30,341 INFO o.a.j.t.JMeterThread: Thread finished: Smoke 50 users x2 loops 1-14
2025-09-30 19:07:30,506 INFO o.a.j.t.JMeterThread: Thread started: Smoke 50 users x2 loops 1-15
2025-09-30 19:07:30,532 INFO o.a.j.t.JMeterThread: Thread is done: Smoke 50 users x2 loops 1-15
2025-09-30 19:07:30,533 INFO o.a.j.t.JMeterThread: Thread finished: Smoke 50 users x2 loops 1-15
2025-09-30 19:07:30,707 INFO o.a.j.t.JMeterThread: Thread started: Smoke 50 users x2 loops 1-16
2025-09-30 19:07:30,760 INFO o.a.j.t.JMeterThread: Thread is done: Smoke 50 users x2 loops 1-16
2025-09-30 19:07:30,760 INFO o.a.j.t.JMeterThread: Thread finished: Smoke 50 users x2 loops 1-16
2025-09-30 19:07:30,907 INFO o.a.j.t.JMeterThread: Thread started: Smoke 50 users x2 loops 1-17
2025-09-30 19:07:30,936 INFO o.a.j.t.JMeterThread: Thread is done: Smoke 50 users x2 loops 1-17
2025-09-30 19:07:30,936 INFO o.a.j.t.JMeterThread: Thread finished: Smoke 50 users x2 loops 1-17
2025-09-30 19:07:31,108 INFO o.a.j.t.JMeterThread: Thread started: Smoke 50 users x2 loops 1-18
2025-09-30 19:07:31,145 INFO o.a.j.t.JMeterThread: Thread is done: Smoke 50 users x2 loops 1-18
2025-09-30 19:07:31,145 INFO o.a.j.t.JMeterThread: Thread finished: Smoke 50 users x2 loops 1-18
2025-09-30 19:07:31,308 INFO o.a.j.t.JMeterThread: Thread started: Smoke 50 users x2 loops 1-19
2025-09-30 19:07:31,371 INFO o.a.j.t.JMeterThread: Thread is done: Smoke 50 users x2 loops 1-19
2025-09-30 19:07:31,371 INFO o.a.j.t.JMeterThread: Thread finished: Smoke 50 users x2 loops 1-19
2025-09-30 19:07:31,508 INFO o.a.j.t.JMeterThread: Thread started: Smoke 50 users x2 loops 1-20
2025-09-30 19:07:31,525 INFO o.a.j.t.JMeterThread: Thread is done: Smoke 50 users x2 loops 1-20
2025-09-30 19:07:31,525 INFO o.a.j.t.JMeterThread: Thread finished: Smoke 50 users x2 loops 1-20
2025-09-30 19:07:31,705 INFO o.a.j.t.JMeterThread: Thread started: Smoke 50 users x2 loops 1-21
2025-09-30 19:07:31,726 INFO o.a.j.t.JMeterThread: Thread is done: Smoke 50 users x2 loops 1-21
2025-09-30 19:07:31,726 INFO o.a.j.t.JMeterThread: Thread finished: Smoke 50 users x2 loops 1-21
2025-09-30 19:07:31,908 INFO o.a.j.t.JMeterThread: Thread started: Smoke 50 users x2 loops 1-22
2025-09-30 19:07:31,926 INFO o.a.j.t.JMeterThread: Thread is done: Smoke 50 users x2 loops 1-22
2025-09-30 19:07:31,926 INFO o.a.j.t.JMeterThread: Thread finished: Smoke 50 users x2 loops 1-22
2025-09-30 19:07:32,107 INFO o.a.j.t.JMeterThread: Thread started: Smoke 50 users x2 loops 1-23
2025-09-30 19:07:32,125 INFO o.a.j.t.JMeterThread: Thread is done: Smoke 50 users x2 loops 1-23
2025-09-30 19:07:32,125 INFO o.a.j.t.JMeterThread: Thread finished: Smoke 50 users x2 loops 1-23
2025-09-30 19:07:32,308 INFO o.a.j.t.JMeterThread: Thread started: Smoke 50 users x2 loops 1-24
2025-09-30 19:07:32,349 INFO o.a.j.t.JMeterThread: Thread is done: Smoke 50 users x2 loops 1-24
2025-09-30 19:07:32,349 INFO o.a.j.t.JMeterThread: Thread finished: Smoke 50 users x2 loops 1-24
2025-09-30 19:07:32,508 INFO o.a.j.t.JMeterThread: Thread started: Smoke 50 users x2 loops 1-25
2025-09-30 19:07:32,550 INFO o.a.j.t.JMeterThread: Thread is done: Smoke 50 users x2 loops 1-25
2025-09-30 19:07:32,551 INFO o.a.j.t.JMeterThread: Thread finished: Smoke 50 users x2 loops 1-25
2025-09-30 19:07:32,708 INFO o.a.j.t.JMeterThread: Thread started: Smoke 50 users x2 loops 1-26
2025-09-30 19:07:32,745 INFO o.a.j.t.JMeterThread: Thread is done: Smoke 50 users x2 loops 1-26
2025-09-30 19:07:32,745 INFO o.a.j.t.JMeterThread: Thread finished: Smoke 50 users x2 loops 1-26
2025-09-30 19:07:32,907 INFO o.a.j.t.JMeterThread: Thread started: Smoke 50 users x2 loops 1-27
2025-09-30 19:07:32,931 INFO o.a.j.t.JMeterThread: Thread is done: Smoke 50 users x2 loops 1-27
2025-09-30 19:07:32,931 INFO o.a.j.t.JMeterThread: Thread finished: Smoke 50 users x2 loops 1-27
2025-09-30 19:07:33,106 INFO o.a.j.t.JMeterThread: Thread started: Smoke 50 users x2 loops 1-28
2025-09-30 19:07:33,138 INFO o.a.j.t.JMeterThread: Thread is done: Smoke 50 users x2 loops 1-28
2025-09-30 19:07:33,138 INFO o.a.j.t.JMeterThread: Thread finished: Smoke 50 users x2 loops 1-28
2025-09-30 19:07:33,307 INFO o.a.j.t.JMeterThread: Thread started: Smoke 50 users x2 loops 1-29
2025-09-30 19:07:33,344 INFO o.a.j.t.JMeterThread: Thread is done: Smoke 50 users x2 loops 1-29
2025-09-30 19:07:33,344 INFO o.a.j.t.JMeterThread: Thread finished: Smoke 50 users x2 loops 1-29
2025-09-30 19:07:33,505 INFO o.a.j.t.JMeterThread: Thread started: Smoke 50 users x2 loops 1-30
2025-09-30 19:07:33,525 INFO o.a.j.t.JMeterThread: Thread is done: Smoke 50 users x2 loops 1-30
2025-09-30 19:07:33,525 INFO o.a.j.t.JMeterThread: Thread finished: Smoke 50 users x2 loops 1-30
2025-09-30 19:07:33,708 INFO o.a.j.t.JMeterThread: Thread started: Smoke 50 users x2 loops 1-31
2025-09-30 19:07:33,731 INFO o.a.j.t.JMeterThread: Thread is done: Smoke 50 users x2 loops 1-31
2025-09-30 19:07:33,731 INFO o.a.j.t.JMeterThread: Thread finished: Smoke 50 users x2 loops 1-31
2025-09-30 19:07:33,906 INFO o.a.j.t.JMeterThread: Thread started: Smoke 50 users x2 loops 1-32
2025-09-30 19:07:33,933 INFO o.a.j.t.JMeterThread: Thread is done: Smoke 50 users x2 loops 1-32
2025-09-30 19:07:33,933 INFO o.a.j.t.JMeterThread: Thread finished: Smoke 50 users x2 loops 1-32
2025-09-30 19:07:34,105 INFO o.a.j.t.JMeterThread: Thread started: Smoke 50 users x2 loops 1-33
2025-09-30 19:07:34,122 INFO o.a.j.t.JMeterThread: Thread is done: Smoke 50 users x2 loops 1-33
2025-09-30 19:07:34,122 INFO o.a.j.t.JMeterThread: Thread finished: Smoke 50 users x2 loops 1-33
2025-09-30 19:07:34,307 INFO o.a.j.t.JMeterThread: Thread started: Smoke 50 users x2 loops 1-34
2025-09-30 19:07:34,340 INFO o.a.j.t.JMeterThread: Thread is done: Smoke 50 users x2 loops 1-34
2025-09-30 19:07:34,340 INFO o.a.j.t.JMeterThread: Thread finished: Smoke 50 users x2 loops 1-34
2025-09-30 19:07:34,508 INFO o.a.j.t.JMeterThread: Thread started: Smoke 50 users x2 loops 1-35
2025-09-30 19:07:34,543 INFO o.a.j.t.JMeterThread: Thread is done: Smoke 50 users x2 loops 1-35
2025-09-30 19:07:34,543 INFO o.a.j.t.JMeterThread: Thread finished: Smoke 50 users x2 loops 1-35
2025-09-30 19:07:34,706 INFO o.a.j.t.JMeterThread: Thread started: Smoke 50 users x2 loops 1-36
2025-09-30 19:07:34,730 INFO o.a.j.t.JMeterThread: Thread is done: Smoke 50 users x2 loops 1-36
2025-09-30 19:07:34,730 INFO o.a.j.t.JMeterThread: Thread finished: Smoke 50 users x2 loops 1-36
2025-09-30 19:07:34,909 INFO o.a.j.t.JMeterThread: Thread started: Smoke 50 users x2 loops 1-37
2025-09-30 19:07:34,931 INFO o.a.j.t.JMeterThread: Thread is done: Smoke 50 users x2 loops 1-37
2025-09-30 19:07:34,931 INFO o.a.j.t.JMeterThread: Thread finished: Smoke 50 users x2 loops 1-37
2025-09-30 19:07:35,108 INFO o.a.j.t.JMeterThread: Thread started: Smoke 50 users x2 loops 1-38
2025-09-30 19:07:35,146 INFO o.a.j.t.JMeterThread: Thread is done: Smoke 50 users x2 loops 1-38
2025-09-30 19:07:35,146 INFO o.a.j.t.JMeterThread: Thread finished: Smoke 50 users x2 loops 1-38
2025-09-30 19:07:35,308 INFO o.a.j.t.JMeterThread: Thread started: Smoke 50 users x2 loops 1-39
2025-09-30 19:07:35,351 INFO o.a.j.t.JMeterThread: Thread is done: Smoke 50 users x2 loops 1-39
2025-09-30 19:07:35,351 INFO o.a.j.t.JMeterThread: Thread finished: Smoke 50 users x2 loops 1-39
2025-09-30 19:07:35,509 INFO o.a.j.t.JMeterThread: Thread started: Smoke 50 users x2 loops 1-40
2025-09-30 19:07:35,542 INFO o.a.j.t.JMeterThread: Thread is done: Smoke 50 users x2 loops 1-40
2025-09-30 19:07:35,542 INFO o.a.j.t.JMeterThread: Thread finished: Smoke 50 users x2 loops 1-40
2025-09-30 19:07:35,708 INFO o.a.j.t.JMeterThread: Thread started: Smoke 50 users x2 loops 1-41
2025-09-30 19:07:35,740 INFO o.a.j.t.JMeterThread: Thread is done: Smoke 50 users x2 loops 1-41
2025-09-30 19:07:35,741 INFO o.a.j.t.JMeterThread: Thread finished: Smoke 50 users x2 loops 1-41
2025-09-30 19:07:35,909 INFO o.a.j.t.JMeterThread: Thread started: Smoke 50 users x2 loops 1-42
2025-09-30 19:07:35,943 INFO o.a.j.t.JMeterThread: Thread is done: Smoke 50 users x2 loops 1-42
2025-09-30 19:07:35,943 INFO o.a.j.t.JMeterThread: Thread finished: Smoke 50 users x2 loops 1-42
2025-09-30 19:07:36,107 INFO o.a.j.t.JMeterThread: Thread started: Smoke 50 users x2 loops 1-43
2025-09-30 19:07:36,139 INFO o.a.j.t.JMeterThread: Thread is done: Smoke 50 users x2 loops 1-43
2025-09-30 19:07:36,139 INFO o.a.j.t.JMeterThread: Thread finished: Smoke 50 users x2 loops 1-43
2025-09-30 19:07:36,309 INFO o.a.j.t.JMeterThread: Thread started: Smoke 50 users x2 loops 1-44
2025-09-30 19:07:36,333 INFO o.a.j.t.JMeterThread: Thread is done: Smoke 50 users x2 loops 1-44
2025-09-30 19:07:36,334 INFO o.a.j.t.JMeterThread: Thread finished: Smoke 50 users x2 loops 1-44
2025-09-30 19:07:36,507 INFO o.a.j.t.JMeterThread: Thread started: Smoke 50 users x2 loops 1-45
2025-09-30 19:07:36,542 INFO o.a.j.t.JMeterThread: Thread is done: Smoke 50 users x2 loops 1-45
2025-09-30 19:07:36,542 INFO o.a.j.t.JMeterThread: Thread finished: Smoke 50 users x2 loops 1-45
2025-09-30 19:07:36,708 INFO o.a.j.t.JMeterThread: Thread started: Smoke 50 users x2 loops 1-46
2025-09-30 19:07:36,743 INFO o.a.j.t.JMeterThread: Thread is done: Smoke 50 users x2 loops 1-46
2025-09-30 19:07:36,743 INFO o.a.j.t.JMeterThread: Thread finished: Smoke 50 users x2 loops 1-46
2025-09-30 19:07:36,908 INFO o.a.j.t.JMeterThread: Thread started: Smoke 50 users x2 loops 1-47
2025-09-30 19:07:36,943 INFO o.a.j.t.JMeterThread: Thread is done: Smoke 50 users x2 loops 1-47
2025-09-30 19:07:36,944 INFO o.a.j.t.JMeterThread: Thread finished: Smoke 50 users x2 loops 1-47
2025-09-30 19:07:37,108 INFO o.a.j.t.JMeterThread: Thread started: Smoke 50 users x2 loops 1-48
2025-09-30 19:07:37,139 INFO o.a.j.t.JMeterThread: Thread is done: Smoke 50 users x2 loops 1-48
2025-09-30 19:07:37,139 INFO o.a.j.t.JMeterThread: Thread finished: Smoke 50 users x2 loops 1-48
2025-09-30 19:07:37,307 INFO o.a.j.t.JMeterThread: Thread started: Smoke 50 users x2 loops 1-49
2025-09-30 19:07:37,348 INFO o.a.j.t.JMeterThread: Thread is done: Smoke 50 users x2 loops 1-49
2025-09-30 19:07:37,349 INFO o.a.j.t.JMeterThread: Thread finished: Smoke 50 users x2 loops 1-49
2025-09-30 19:07:37,508 INFO o.a.j.t.JMeterThread: Thread started: Smoke 50 users x2 loops 1-50
2025-09-30 19:07:37,538 INFO o.a.j.t.JMeterThread: Thread is done: Smoke 50 users x2 loops 1-50
2025-09-30 19:07:37,538 INFO o.a.j.t.JMeterThread: Thread finished: Smoke 50 users x2 loops 1-50
2025-09-30 19:07:37,538 INFO o.a.j.e.StandardJMeterEngine: Notifying test listeners of end of test
2025-09-30 19:07:37,539 INFO o.a.j.g.u.JMeterMenuBar: setRunning(false, *local*)
